0 info it worked if it ends with ok
1 verbose cli [ '/usr/share/atom/resources/app/apm/bin/node',
1 verbose cli   '/usr/share/atom/resources/app/apm/node_modules/npm/bin/npm-cli.js',
1 verbose cli   'version',
1 verbose cli   'minor',
1 verbose cli   '-m',
1 verbose cli   'Prepare %s release' ]
2 info using npm@3.10.10
3 info using node@v6.9.5
4 info git [ 'status', '--porcelain' ]
5 info lifecycle base16-darker-special-italic-syntax@0.7.0~preversion: base16-darker-special-italic-syntax@0.7.0
6 silly lifecycle base16-darker-special-italic-syntax@0.7.0~preversion: no script for preversion, continuing
7 verbose version.write data { bugs: { url: 'https://github.com/arthurfranca/base16-darker-special-italic-syntax/issues' },
7 verbose version.write   dependencies: {},
7 verbose version.write   description: 'High contrast dark theme based on base16-tomorrow-dark',
7 verbose version.write   devDependencies: {},
7 verbose version.write   engines: { atom: '>0.49.0' },
7 verbose version.write   homepage: 'https://github.com/arthurfranca/base16-darker-special-italic-syntax#readme',
7 verbose version.write   keywords: [ 'base16', 'dark', 'syntax', 'contrast', 'italic' ],
7 verbose version.write   license: 'MIT',
7 verbose version.write   name: 'base16-darker-special-italic-syntax',
7 verbose version.write   optionalDependencies: {},
7 verbose version.write   readme: '# Base16 Darker High Contrast Syntax theme\n\nSyntax theme for Atom loosely based off of the [Base16](http://chriskempson.github.io/base16/) dark palette.\nThis theme was forked from [Base16 Tomorrow Dark](https://github.com/atom/base16-tomorrow-dark-theme) and will be kept updated with future changes to it.\n\n![base16-darker-high-contrast-theme](https://cloud.githubusercontent.com/assets/133886/14653340/f208532a-064e-11e6-9dd1-4ce93ef59a85.png)\n\nThe font used on the screenshot is ```Source Code Pro```.\n\n## Install\n\n```\napm install base16-darker-special-italic-syntax\n```\n',
7 verbose version.write   readmeFilename: 'README.md',
7 verbose version.write   repository:
7 verbose version.write    { type: 'git',
7 verbose version.write      url: 'git+ssh://github.com/arthurfranca/base16-darker-special-italic-syntax.git' },
7 verbose version.write   version: '0.7.0' } to package.json
8 info lifecycle base16-darker-special-italic-syntax@0.7.0~version: base16-darker-special-italic-syntax@0.7.0
9 silly lifecycle base16-darker-special-italic-syntax@0.7.0~version: no script for version, continuing
10 info git [ 'add',
10 info git   '/home/arthur/repositories/base16-darker-special-italic-syntax/package.json' ]
11 info git [ 'commit', '-m', 'Prepare 0.7.0 release' ]
12 info git [ 'tag', 'v0.7.0', '-am', 'Prepare 0.7.0 release' ]
13 verbose stack Error: Command failed: git tag v0.7.0 -am Prepare 0.7.0 release
13 verbose stack fatal: tag 'v0.7.0' already exists
13 verbose stack
13 verbose stack     at ChildProcess.exithandler (child_process.js:206:12)
13 verbose stack     at emitTwo (events.js:106:13)
13 verbose stack     at ChildProcess.emit (events.js:191:7)
13 verbose stack     at maybeClose (internal/child_process.js:877:16)
13 verbose stack     at Socket.<anonymous> (internal/child_process.js:334:11)
13 verbose stack     at emitOne (events.js:96:13)
13 verbose stack     at Socket.emit (events.js:188:7)
13 verbose stack     at Pipe._handle.close [as _onclose] (net.js:498:12)
14 verbose cwd /home/arthur/repositories/base16-darker-special-italic-syntax
15 error Linux 4.15.0-36-generic
16 error argv "/usr/share/atom/resources/app/apm/bin/node" "/usr/share/atom/resources/app/apm/node_modules/npm/bin/npm-cli.js" "version" "minor" "-m" "Prepare %s release"
17 error node v6.9.5
18 error npm  v3.10.10
19 error code 128
20 error Command failed: git tag v0.7.0 -am Prepare 0.7.0 release
20 error fatal: tag 'v0.7.0' already exists
21 error If you need help, you may report this error at:
21 error     <https://github.com/npm/npm/issues>
22 verbose exit [ 1, true ]
